\BOOKMARK [1][-]{section.1}{\376\377\000I\000n\000t\000r\000o\000d\000u\000c\000t\000i\000o\000n}{}% 1
\BOOKMARK [2][-]{subsection.1.1}{\376\377\000P\000u\000r\000p\000o\000s\000e}{section.1}% 2
\BOOKMARK [2][-]{subsection.1.2}{\376\377\000P\000r\000o\000j\000e\000c\000t\000\040\000O\000v\000e\000r\000v\000i\000e\000w}{section.1}% 3
\BOOKMARK [2][-]{subsection.1.3}{\376\377\000S\000c\000o\000p\000e}{section.1}% 4
\BOOKMARK [2][-]{subsection.1.4}{\376\377\000D\000e\000f\000i\000n\000i\000t\000i\000o\000n\000s\000\040\000a\000n\000d\000\040\000A\000b\000b\000r\000e\000v\000i\000a\000t\000i\000o\000n\000s}{section.1}% 5
\BOOKMARK [1][-]{section.2}{\376\377\000O\000v\000e\000r\000a\000l\000l\000\040\000S\000y\000s\000t\000e\000m\000\040\000D\000e\000s\000c\000r\000i\000p\000t\000i\000o\000n}{}% 6
\BOOKMARK [2][-]{subsection.2.1}{\376\377\000S\000y\000s\000t\000e\000m\000\040\000P\000e\000r\000s\000p\000e\000c\000t\000i\000v\000e}{section.2}% 7
\BOOKMARK [2][-]{subsection.2.2}{\376\377\000A\000p\000p\000l\000i\000c\000a\000t\000i\000o\000n\000\040\000R\000o\000u\000t\000e\000\040\000S\000t\000r\000u\000c\000t\000u\000r\000e}{section.2}% 8
\BOOKMARK [2][-]{subsection.2.3}{\376\377\000U\000s\000e\000r\000\040\000C\000l\000a\000s\000s\000e\000s}{section.2}% 9
\BOOKMARK [2][-]{subsection.2.4}{\376\377\000O\000p\000e\000r\000a\000t\000i\000n\000g\000\040\000E\000n\000v\000i\000r\000o\000n\000m\000e\000n\000t}{section.2}% 10
\BOOKMARK [1][-]{section.3}{\376\377\000P\000r\000o\000b\000l\000e\000m\000\040\000S\000t\000a\000t\000e\000m\000e\000n\000t}{}% 11
\BOOKMARK [2][-]{subsection.3.1}{\376\377\000E\000x\000i\000s\000t\000i\000n\000g\000\040\000S\000y\000s\000t\000e\000m\000\040\000L\000i\000m\000i\000t\000a\000t\000i\000o\000n\000s}{section.3}% 12
\BOOKMARK [2][-]{subsection.3.2}{\376\377\000H\000o\000w\000\040\000A\000x\000o\000n\000\040\000F\000l\000o\000w\000\040\000S\000o\000l\000v\000e\000s\000\040\000T\000h\000e\000s\000e}{section.3}% 13
\BOOKMARK [1][-]{section.4}{\376\377\000F\000u\000n\000c\000t\000i\000o\000n\000a\000l\000\040\000R\000e\000q\000u\000i\000r\000e\000m\000e\000n\000t\000s}{}% 14
\BOOKMARK [2][-]{subsection.4.1}{\376\377\000F\000R\000-\0001\000:\000\040\000A\000u\000t\000h\000e\000n\000t\000i\000c\000a\000t\000i\000o\000n\000\040\000\046\000\040\000R\000o\000u\000t\000e\000\040\000P\000r\000o\000t\000e\000c\000t\000i\000o\000n}{section.4}% 15
\BOOKMARK [2][-]{subsection.4.2}{\376\377\000F\000R\000-\0002\000:\000\040\000W\000o\000r\000k\000s\000p\000a\000c\000e\000\040\000\046\000\040\000F\000o\000l\000d\000e\000r\000\040\000M\000a\000n\000a\000g\000e\000m\000e\000n\000t}{section.4}% 16
\BOOKMARK [2][-]{subsection.4.3}{\376\377\000F\000R\000-\0003\000:\000\040\000M\000a\000p\000\040\000L\000i\000f\000e\000c\000y\000c\000l\000e}{section.4}% 17
\BOOKMARK [2][-]{subsection.4.4}{\376\377\000F\000R\000-\0004\000:\000\040\000C\000a\000n\000v\000a\000s\000\040\000\046\000\040\000N\000o\000d\000e\000\040\000I\000n\000t\000e\000r\000a\000c\000t\000i\000o\000n}{section.4}% 18
\BOOKMARK [2][-]{subsection.4.5}{\376\377\000F\000R\000-\0005\000:\000\040\000B\000u\000l\000k\000\040\000I\000m\000p\000o\000r\000t}{section.4}% 19
\BOOKMARK [2][-]{subsection.4.6}{\376\377\000F\000R\000-\0006\000:\000\040\000N\000o\000d\000e\000\040\000E\000n\000r\000i\000c\000h\000m\000e\000n\000t}{section.4}% 20
\BOOKMARK [1][-]{section.5}{\376\377\000H\000i\000g\000h\000-\000L\000e\000v\000e\000l\000\040\000D\000e\000s\000i\000g\000n\000\040\000\050\000H\000L\000D\000\051}{}% 21
\BOOKMARK [2][-]{subsection.5.1}{\376\377\000S\000y\000s\000t\000e\000m\000\040\000A\000r\000c\000h\000i\000t\000e\000c\000t\000u\000r\000e}{section.5}% 22
\BOOKMARK [2][-]{subsection.5.2}{\376\377\000C\000o\000m\000p\000o\000n\000e\000n\000t\000\040\000M\000a\000p}{section.5}% 23
\BOOKMARK [2][-]{subsection.5.3}{\376\377\000D\000a\000t\000a\000\040\000F\000l\000o\000w\000\040\000D\000i\000a\000g\000r\000a\000m\000s\000\040\000\050\000D\000F\000D\000\051}{section.5}% 24
\BOOKMARK [3][-]{subsubsection.5.3.1}{\376\377\000L\000e\000v\000e\000l\000\040\0000\000\040\000D\000F\000D\000\040\000\050\000C\000o\000n\000t\000e\000x\000t\000\040\000D\000i\000a\000g\000r\000a\000m\000\051}{subsection.5.3}% 25
\BOOKMARK [3][-]{subsubsection.5.3.2}{\376\377\000L\000e\000v\000e\000l\000\040\0001\000\040\000D\000F\000D}{subsection.5.3}% 26
\BOOKMARK [1][-]{section.6}{\376\377\000D\000e\000t\000a\000i\000l\000e\000d\000\040\000D\000a\000t\000a\000\040\000F\000l\000o\000w\000\040\040\024\000\040\000F\000l\000a\000t\000\040\000D\000B\000\040\000t\000o\000\040\000C\000a\000n\000v\000a\000s}{}% 27
\BOOKMARK [2][-]{subsection.6.1}{\376\377\000T\000h\000e\000\040\000C\000o\000r\000e\000\040\000C\000h\000a\000l\000l\000e\000n\000g\000e}{section.6}% 28
\BOOKMARK [2][-]{subsection.6.2}{\376\377\000S\000t\000e\000p\000-\000b\000y\000-\000S\000t\000e\000p\000:\000\040\000O\000p\000e\000n\000i\000n\000g\000\040\000a\000\040\000M\000a\000p}{section.6}% 29
\BOOKMARK [3][-]{subsubsection.6.2.1}{\376\377\000C\000o\000n\000c\000r\000e\000t\000e\000\040\000E\000x\000a\000m\000p\000l\000e}{subsection.6.2}% 30
\BOOKMARK [2][-]{subsection.6.3}{\376\377\000S\000t\000e\000p\000-\000b\000y\000-\000S\000t\000e\000p\000:\000\040\000D\000r\000a\000g\000g\000i\000n\000g\000\040\000a\000\040\000N\000o\000d\000e}{section.6}% 31
\BOOKMARK [1][-]{section.7}{\376\377\000L\000o\000w\000-\000L\000e\000v\000e\000l\000\040\000D\000e\000s\000i\000g\000n\000\040\000\050\000L\000L\000D\000\051}{}% 32
\BOOKMARK [2][-]{subsection.7.1}{\376\377\000D\000a\000t\000a\000b\000a\000s\000e\000\040\000S\000c\000h\000e\000m\000a}{section.7}% 33
\BOOKMARK [3][-]{subsubsection.7.1.1}{\376\377\000C\000o\000l\000l\000e\000c\000t\000i\000o\000n\000:\000\040\000n\000o\000d\000e\000s}{subsection.7.1}% 34
\BOOKMARK [3][-]{subsubsection.7.1.2}{\376\377\000C\000o\000l\000l\000e\000c\000t\000i\000o\000n\000:\000\040\000m\000a\000p\000s}{subsection.7.1}% 35
\BOOKMARK [3][-]{subsubsection.7.1.3}{\376\377\000C\000o\000l\000l\000e\000c\000t\000i\000o\000n\000:\000\040\000f\000o\000l\000d\000e\000r\000s}{subsection.7.1}% 36
\BOOKMARK [2][-]{subsection.7.2}{\376\377\000E\000R\000\040\000D\000i\000a\000g\000r\000a\000m}{section.7}% 37
\BOOKMARK [2][-]{subsection.7.3}{\376\377\000A\000P\000I\000\040\000E\000n\000d\000p\000o\000i\000n\000t\000s\000\040\040\024\000\040\000F\000u\000l\000l\000\040\000R\000e\000f\000e\000r\000e\000n\000c\000e}{section.7}% 38
\BOOKMARK [3][-]{subsubsection.7.3.1}{\376\377\000M\000a\000p\000\040\000R\000o\000u\000t\000e\000s\000\040\000\050\000/\000a\000p\000i\000/\000m\000a\000p\000s\000\051}{subsection.7.3}% 39
\BOOKMARK [3][-]{subsubsection.7.3.2}{\376\377\000N\000o\000d\000e\000\040\000R\000o\000u\000t\000e\000s\000\040\000\050\000/\000a\000p\000i\000/\000n\000o\000d\000e\000s\000\051}{subsection.7.3}% 40
\BOOKMARK [3][-]{subsubsection.7.3.3}{\376\377\000F\000o\000l\000d\000e\000r\000\040\000R\000o\000u\000t\000e\000s\000\040\000\050\000/\000a\000p\000i\000/\000f\000o\000l\000d\000e\000r\000s\000\051}{subsection.7.3}% 41
\BOOKMARK [2][-]{subsection.7.4}{\376\377\000D\0003\000\040\000L\000a\000y\000o\000u\000t\000\040\000A\000l\000g\000o\000r\000i\000t\000h\000m\000\040\000\050\000L\000L\000D\000\040\000D\000e\000t\000a\000i\000l\000\051}{section.7}% 42
\BOOKMARK [2][-]{subsection.7.5}{\376\377\000B\000u\000l\000k\000\040\000I\000m\000p\000o\000r\000t\000\040\000P\000a\000r\000s\000e\000r\000\040\000A\000l\000g\000o\000r\000i\000t\000h\000m}{section.7}% 43
\BOOKMARK [1][-]{section.8}{\376\377\000F\000r\000o\000n\000t\000e\000n\000d\000\040\000\046\000\040\000I\000n\000t\000e\000r\000a\000c\000t\000i\000o\000n\000\040\000D\000e\000s\000i\000g\000n}{}% 44
\BOOKMARK [2][-]{subsection.8.1}{\376\377\000H\000o\000o\000k\000\040\000A\000r\000c\000h\000i\000t\000e\000c\000t\000u\000r\000e}{section.8}% 45
\BOOKMARK [2][-]{subsection.8.2}{\376\377\000u\000s\000e\000C\000a\000n\000v\000a\000s\000S\000t\000a\000t\000e\000:\000\040\000T\000h\000e\000\040\000S\000y\000n\000c\000\040\000E\000n\000g\000i\000n\000e}{section.8}% 46
\BOOKMARK [2][-]{subsection.8.3}{\376\377\000D\0003\000S\000t\000y\000l\000e\000N\000o\000d\000e\000:\000\040\000T\000h\000e\000\040\000N\000o\000d\000e\000\040\000V\000i\000s\000u\000a\000l\000\040\000C\000o\000m\000p\000o\000n\000e\000n\000t}{section.8}% 47
\BOOKMARK [2][-]{subsection.8.4}{\376\377\000K\000e\000y\000b\000o\000a\000r\000d\000\040\000I\000n\000t\000e\000r\000a\000c\000t\000i\000o\000n\000\040\000M\000a\000p}{section.8}% 48
\BOOKMARK [2][-]{subsection.8.5}{\376\377\000C\000o\000n\000t\000e\000x\000t\000\040\000M\000e\000n\000u\000\040\040\024\000\040\000F\000l\000o\000a\000t\000i\000n\000g\000T\000o\000o\000l\000b\000a\000r}{section.8}% 49
\BOOKMARK [1][-]{section.9}{\376\377\000N\000o\000n\000-\000F\000u\000n\000c\000t\000i\000o\000n\000a\000l\000\040\000R\000e\000q\000u\000i\000r\000e\000m\000e\000n\000t\000s}{}% 50
\BOOKMARK [1][-]{section.10}{\376\377\000T\000e\000s\000t\000i\000n\000g\000\040\000R\000e\000q\000u\000i\000r\000e\000m\000e\000n\000t\000s}{}% 51
\BOOKMARK [2][-]{subsection.10.1}{\376\377\000S\000t\000r\000a\000t\000e\000g\000y}{section.10}% 52
\BOOKMARK [2][-]{subsection.10.2}{\376\377\000K\000e\000y\000\040\000T\000e\000s\000t\000\040\000C\000a\000s\000e\000s}{section.10}% 53
\BOOKMARK [1][-]{section.11}{\376\377\000D\000e\000p\000l\000o\000y\000m\000e\000n\000t\000\040\000\046\000\040\000P\000l\000a\000n\000n\000i\000n\000g}{}% 54
\BOOKMARK [2][-]{subsection.11.1}{\376\377\000D\000e\000p\000l\000o\000y\000m\000e\000n\000t\000\040\000A\000r\000c\000h\000i\000t\000e\000c\000t\000u\000r\000e}{section.11}% 55
\BOOKMARK [2][-]{subsection.11.2}{\376\377\000D\000e\000v\000e\000l\000o\000p\000m\000e\000n\000t\000\040\000M\000i\000l\000e\000s\000t\000o\000n\000e\000s}{section.11}% 56
\BOOKMARK [2][-]{subsection.11.3}{\376\377\000F\000u\000t\000u\000r\000e\000\040\000E\000n\000h\000a\000n\000c\000e\000m\000e\000n\000t\000s}{section.11}% 57
\BOOKMARK [1][-]{section.12}{\376\377\000C\000o\000n\000c\000l\000u\000s\000i\000o\000n}{}% 58
\BOOKMARK [1][-]{section.13}{\376\377\000P\000r\000o\000j\000e\000c\000t\000\040\000O\000u\000t\000p\000u\000t\000s\000\040\000\046\000\040\000S\000c\000r\000e\000e\000n\000s\000h\000o\000t\000s}{}% 59
